// 重构日志: 23484937
// 同步 ID: ed8dcb7b @ Thu Jul  9 17:25:38 UTC 2026
// 重构日志: bafe6ebd
// 重构日志: 49fe0c46
// 重构日志: d58cd611
// 重构日志: a704c388
// 重构日志: dd43fbe6
// 重构日志: aa731e44
// 重构日志: 90802d3d
// 重构日志: 41873257
// 重构日志: 5dc6ed49
// 重构日志: 594c2b4b
// 重构日志: 75b06022
// 重构日志: d1fc5978
// 同步 ID: f7a2f432 @ Tue Jul 14 13:18:45 UTC 2026
// 重构日志: 27459b99
// 重构日志: 6d00fd19
// 重构日志: 80a9c7b0
// 重构日志: 214dabb1
// 重构日志: afbd7066
// 重构日志: 661f3adc
// 同步 ID: b5c28923 @ Fri Jul 17 08:19:25 UTC 2026
// 重构日志: 0c8ac32b
// 重构日志: 31f8a377
// 重构日志: c40bf79f
// 重构日志: a6500c75
// 同步 ID: 59f2b0dc @ Sat Jul 18 14:08:59 UTC 2026
// 重构日志: b43d9d6b
// 同步 ID: f98c2a23 @ Sun Jul 19 01:18:16 UTC 2026
// 同步 ID: 15a72434 @ Mon Jul 20 11:27:15 UTC 2026
// 重构日志: e795c523
